# JRE version: OpenJDK Runtime Environment Temurin-21.0.6+7 (21.0.6+7) (build 21.0.6+7-LTS)
# Java VM: OpenJDK 64-Bit Server VM Temurin-21.0.6+7 (21.0.6+7-LTS, mixed mode, emulated-client, sharing, tiered, compressed oops, compressed class ptrs, g1 gc, windows-amd64)
GC Precious Log:
 CardTable entry size: 512
 Card Set container configuration: InlinePtr #cards 4 size 8 Array Of Cards #cards 16 size 48 Howl #buckets 8 coarsen threshold 3686 Howl Bitmap #cards 512 size 80 coarsen threshold 460 Card regions per heap region 1 cards per card region 4096
 CPUs: 12 total, 12 available
 Memory: 16016M
 Large Page Support: Disabled
 NUMA Support: Disabled
 Compressed Oops: Enabled (Zero based)
 Heap Region Size: 2M
 Heap Min Capacity: 8M
 Heap Initial Capacity: 252M
 Heap Max Capacity: 4006M
 Pre-touch: Disabled
 Parallel Workers: 10
 Concurrent Workers: 3
 Concurrent Refinement Workers: 10
 Periodic GC: Disabled
Heap:
 garbage-first heap   total 126976K, used 75081K [0x0000000705a00000, 0x0000000800000000)
  region size 2048K, 5 young (10240K), 1 survivors (2048K)
 Metaspace       used 75204K, committed 76416K, reserved 1179648K
  class space    used 9718K, committed 10304K, reserved 1048576K
GC Heap History (20 events):
Event: 2612.134 GC heap before
{Heap before GC invocations=62 (full 13):
 garbage-first heap   total 112640K, used 92709K [0x0000000705a00000, 0x0000000800000000)
  region size 2048K, 17 young (34816K), 3 survivors (6144K)
 Metaspace       used 73605K, committed 74752K, reserved 1114112K
  class space    used 9530K, committed 10048K, reserved 1048576K
}
Event: 2612.138 GC heap after
{Heap after GC invocations=63 (full 13):
 garbage-first heap   total 112640K, used 63651K [0x0000000705a00000, 0x0000000800000000)
  region size 2048K, 1 young (2048K), 1 survivors (2048K)
 Metaspace       used 73605K, committed 74752K, reserved 1114112K
  class space    used 9530K, committed 10048K, reserved 1048576K
}
Event: 3191.763 GC heap before
{Heap before GC invocations=64 (full 13):
 garbage-first heap   total 116736K, used 84131K [0x0000000705a00000, 0x0000000800000000)
  region size 2048K, 12 young (24576K), 1 survivors (2048K)
 Metaspace       used 73580K, committed 74752K, reserved 1114112K
  class space    used 9521K, committed 10048K, reserved 1048576K
}
Event: 3191.833 GC heap after
{Heap after GC invocations=65 (full 14):
 garbage-first heap   total 116736K, used 57488K [0x0000000705a00000, 0x0000000800000000)
  region size 2048K, 0 young (0K), 0 survivors (0K)
 Metaspace       used 73451K, committed 74752K, reserved 1114112K
  class space    used 9489K, committed 10048K, reserved 1048576K
}
Event: 3192.762 GC heap before
{Heap before GC invocations=65 (full 14):
 garbage-first heap   total 116736K, used 98448K [0x0000000705a00000, 0x0000000800000000)
  region size 2048K, 21 young (43008K), 0 survivors (0K)
 Metaspace       used 73755K, committed 74816K, reserved 1114112K
  class space    used 9545K, committed 10048K, reserved 1048576K
}
Event: 3192.764 GC heap after
{Heap after GC invocations=66 (full 14):
 garbage-first heap   total 116736K, used 61584K [0x0000000705a00000, 0x0000000800000000)
  region size 2048K, 2 young (4096K), 2 survivors (4096K)
 Metaspace       used 73755K, committed 74816K, reserved 1114112K
  class space    used 9545K, committed 10048K, reserved 1048576K
}
Event: 3196.898 GC heap before
{Heap before GC invocations=66 (full 14):
 garbage-first heap   total 116736K, used 100496K [0x0000000705a00000, 0x0000000800000000)
  region size 2048K, 21 young (43008K), 2 survivors (4096K)
 Metaspace       used 74029K, committed 75200K, reserved 1179648K
  class space    used 9588K, committed 10112K, reserved 1048576K
}
Event: 3196.904 GC heap after
{Heap after GC invocations=67 (full 14):
 garbage-first heap   total 116736K, used 65236K [0x0000000705a00000, 0x0000000800000000)
  region size 2048K, 3 young (6144K), 3 survivors (6144K)
 Metaspace       used 74029K, committed 75200K, reserved 1179648K
  class space    used 9588K, committed 10112K, reserved 1048576K
}
Event: 3199.192 GC heap before
{Heap before GC invocations=67 (full 14):
 garbage-first heap   total 116736K, used 65236K [0x0000000705a00000, 0x0000000800000000)
  region size 2048K, 4 young (8192K), 3 survivors (6144K)
 Metaspace       used 74029K, committed 75200K, reserved 1179648K
  class space    used 9588K, committed 10112K, reserved 1048576K
}
Event: 3199.269 GC heap after
{Heap after GC invocations=68 (full 15):
 garbage-first heap   total 116736K, used 63048K [0x0000000705a00000, 0x0000000800000000)
  region size 2048K, 0 young (0K), 0 survivors (0K)
 Metaspace       used 74016K, committed 75200K, reserved 1179648K
  class space    used 9586K, committed 10112K, reserved 1048576K
}
Event: 3199.614 GC heap before
{Heap before GC invocations=68 (full 15):
 garbage-first heap   total 116736K, used 99912K [0x0000000705a00000, 0x0000000800000000)
  region size 2048K, 19 young (38912K), 0 survivors (0K)
 Metaspace       used 74086K, committed 75200K, reserved 1179648K
  class space    used 9598K, committed 10112K, reserved 1048576K
}
Event: 3199.616 GC heap after
{Heap after GC invocations=69 (full 15):
 garbage-first heap   total 116736K, used 66313K [0x0000000705a00000, 0x0000000800000000)
  region size 2048K, 2 young (4096K), 2 survivors (4096K)
 Metaspace       used 74086K, committed 75200K, reserved 1179648K
  class space    used 9598K, committed 10112K, reserved 1048576K
}
Event: 3202.846 GC heap before
{Heap before GC invocations=69 (full 15):
 garbage-first heap   total 116736K, used 99081K [0x0000000705a00000, 0x0000000800000000)
  region size 2048K, 18 young (36864K), 2 survivors (4096K)
 Metaspace       used 74228K, committed 75392K, reserved 1179648K
  class space    used 9607K, committed 10112K, reserved 1048576K
}
Event: 3202.848 GC heap after
{Heap after GC invocations=70 (full 15):
 garbage-first heap   total 116736K, used 67619K [0x0000000705a00000, 0x0000000800000000)
  region size 2048K, 3 young (6144K), 3 survivors (6144K)
 Metaspace       used 74228K, committed 75392K, reserved 1179648K
  class space    used 9607K, committed 10112K, reserved 1048576K
}
Event: 3395.274 GC heap before
{Heap before GC invocations=70 (full 15):
 garbage-first heap   total 116736K, used 94243K [0x0000000705a00000, 0x0000000800000000)
  region size 2048K, 17 young (34816K), 3 survivors (6144K)
 Metaspace       used 75253K, committed 76416K, reserved 1179648K
  class space    used 9746K, committed 10304K, reserved 1048576K
}
Event: 3395.280 GC heap after
{Heap after GC invocations=71 (full 15):
 garbage-first heap   total 116736K, used 68770K [0x0000000705a00000, 0x0000000800000000)
  region size 2048K, 2 young (4096K), 2 survivors (4096K)
 Metaspace       used 75253K, committed 76416K, reserved 1179648K
  class space    used 9746K, committed 10304K, reserved 1048576K
}
Event: 3689.966 GC heap before
{Heap before GC invocations=71 (full 15):
 garbage-first heap   total 116736K, used 97442K [0x0000000705a00000, 0x0000000800000000)
  region size 2048K, 16 young (32768K), 2 survivors (4096K)
 Metaspace       used 75253K, committed 76416K, reserved 1179648K
  class space    used 9746K, committed 10304K, reserved 1048576K
}
Event: 3689.969 GC heap after
{Heap after GC invocations=72 (full 15):
 garbage-first heap   total 116736K, used 68667K [0x0000000705a00000, 0x0000000800000000)
  region size 2048K, 1 young (2048K), 1 survivors (2048K)
 Metaspace       used 75253K, committed 76416K, reserved 1179648K
  class space    used 9746K, committed 10304K, reserved 1048576K
}
Event: 4037.893 GC heap before
{Heap before GC invocations=73 (full 15):
 garbage-first heap   total 126976K, used 99387K [0x0000000705a00000, 0x0000000800000000)
  region size 2048K, 16 young (32768K), 1 survivors (2048K)
 Metaspace       used 75137K, committed 76416K, reserved 1179648K
  class space    used 9716K, committed 10304K, reserved 1048576K
}
Event: 4037.896 GC heap after
{Heap after GC invocations=74 (full 15):
 garbage-first heap   total 126976K, used 68937K [0x0000000705a00000, 0x0000000800000000)
  region size 2048K, 1 young (2048K), 1 survivors (2048K)
 Metaspace       used 75137K, committed 76416K, reserved 1179648K
  class space    used 9716K, committed 10304K, reserved 1048576K
}

